### ISSUE TITLE
_UIHostingView deinit crash

### ISSUE THREAD

**Issue by Kyle-Ye** [OpenSwiftUIProject/OpenSwiftUI#87]
<img width="1491" alt="image" src="https://github.com/OpenSwiftUIProject/OpenSwiftUI/assets/43724855/019e4eff-5235-4d5a-a1e2-c9c4cc68b879">

```swift
@MainActor
@Test
func testDemo() throws {
    struct ContentView: View {
        var name = ""
        var body: some View {
            AnyView(EmptyView())
        }
    }
    let vc = UIHostingController(rootView: ContentView())
    vc.triggerLayout()
}
extension UIHostingController {
    func triggerLayout() {
        let window = UIWindow(frame: CGRect(x: 0, y: 0, width: 100, height: 100))
        window.rootViewController = self
        window.makeKeyAndVisible()
        view.layoutSubviews()
    }
}
```

Commit Hash: a16685133110c11b24d8af779c3caf90a7124ccc

**Comment by Kyle-Ye** [comment]
Workaround this partially by #88

**Comment by Kyle-Ye** [comment]
```
(lldb) settings set target.language objc

# OpenSwiftUI:
# GraphHost.init
(lldb) expr (int)CFGetRetainCount((CFTypeRef)0x6000002847c0)
(int) $0 = 3
(lldb) expr (int)CFGetRetainCount((CFTypeRef)0x6000002848e0)
(int) $1 = 3

(lldb) mr 0x6000002847c0
0x6000002847c0: 0x01000001ec0cdb09 0x0003000000007080
0x6000002847d0: 0x000060000290dce0 0x0000000000000000
0x6000002847e0: 0x00000001e6b40bc8 0x0000000000000003
0x6000002847f0: 0x0000000103a08318 0x0000000000000000
(lldb) mr 0x6000002848e0
0x6000002848e0: 0x01000001ec0cdb09 0x0003000000007080
0x6000002848f0: 0x000060000290da40 0x0000000000000000
0x600000284900: 0x0000000000000000 0x0000000000000000
0x600000284910: 0x0000000000000000 0x0000000000000000

# GraphHost.invalidate
(lldb) expr (int)CFGetRetainCount((CFTypeRef)0x6000002847c0)
(int) $0 = 1
(lldb) expr (int)CFGetRetainCount((CFTypeRef)0x6000002848e0)
(int) $1 = 1

# After globalSubgraph.invalidate
# 0x6000002847c0 becomes invalid

# SwiftUI:

# GraphHost.invalidate
(lldb) expr (int)CFGetRetainCount((CFTypeRef)0x0000600000204020)
(int) $1 = 1
(lldb) expr (int)CFGetRetainCount((CFTypeRef)0x00006000002040a0)
(int) $2 = 4

# After globalSubgraph.invalidate
# 0x0000600000204020 is still valid and ref count is 1
```

**Comment by Kyle-Ye** [comment]
The root cause is anywhere else. But fixing the any view issue on EditModeScopeModifier can temporary workaround it.

> https://github.com/OpenSwiftUIProject/OpenSwiftUI/issues/204

**Comment by Kyle-Ye** [comment]
Blocked by OpenGraph's implementation on Subgraph.invalidate

**Comment by Kyle-Ye** [comment]
```
SwiftUICore`outlined release of SwiftUI.GraphHost.Data:
->  0x1d45b76e8 <+0>:  stp    x24, x23, [sp, #-0x40]!
    0x1d45b76ec <+4>:  stp    x22, x21, [sp, #0x10]
    0x1d45b76f0 <+8>:  stp    x20, x19, [sp, #0x20]
    0x1d45b76f4 <+12>: stp    x29, x30, [sp, #0x30]
    0x1d45b76f8 <+16>: add    x29, sp, #0x30
    0x1d45b76fc <+20>: mov    x19, x0
    0x1d45b7700 <+24>: ldp    x22, x23, [x0]
    0x1d45b7704 <+28>: ldr    x24, [x0, #0x10]
    0x1d45b7708 <+32>: ldr    x20, [x0, #0x38]
    0x1d45b770c <+36>: ldr    x21, [x0, #0x48]
    0x1d45b7710 <+40>: ldr    x0, [x0, #0x60]
    0x1d45b7714 <+44>: bl     0x1d4d858d4               ; symbol stub for: swift_bridgeObjectRelease
    0x1d45b7718 <+48>: mov    x0, x21
    0x1d45b771c <+52>: bl     0x1d4d85c34               ; symbol stub for: swift_release
    0x1d45b7720 <+56>: bl     0x1d4d85544               ; symbol stub for: objc_release_x24
    0x1d45b7724 <+60>: bl     0x1d4d85538               ; symbol stub for: objc_release_x23  ; 🧨
    0x1d45b7728 <+64>: bl     0x1d4d8552c               ; symbol stub for: objc_release_x22
    0x1d45b772c <+68>: mov    x0, x20
    0x1d45b7730 <+72>: bl     0x1d4d85c34               ; symbol stub for: swift_release
    0x1d45b7734 <+76>: mov    x0, x19
    0x1d45b7738 <+80>: ldp    x29, x30, [sp, #0x30]
    0x1d45b773c <+84>: ldp    x20, x19, [sp, #0x20]
    0x1d45b7740 <+88>: ldp    x22, x21, [sp, #0x10]
    0x1d45b7744 <+92>: ldp    x24, x23, [sp], #0x40
    0x1d45b7748 <+96>: ret    
```

The crash point is `objc_release_x23` of Data.globalSubgraph

**Comment by Kyle-Ye** [comment]
Path:
`UIHostingView.dealloc -> UIHostingViewBase.tearDown -> GraphHost.invalidate -> GraphHost.Data.invalidate -> AGSubgraphInvalidate`

SwiftUI:
```
// before invalidate
(lldb) rr x0
      x0 = 0x0000600000229040
(lldb) po CFGetRetainCount(0x0000600000229040)
0x0000000000000001

// after invalidate
(lldb) po CFGetRetainCount(0x0000600000229040)
0x0000000000000001
```

OpenSwiftUI:
```
// before invalidate
(lldb) rr x0
      x0 = 0x0000600000228660
(lldb) settings set target.language objc
(lldb) po CFGetRetainCount(0x0000600000228660)
0x0000000000000001

// after invalidate
(lldb) po CFGetRetainCount(0x0000600000228660)
error: Execution was interrupted, reason: EXC_BAD_ACCESS (code=1, address=0xbeadde8f8670).
The process has been returned to the state before expression evaluation.
```

The diff is somehow `AGSubgraphInvalidate` is behave differently on OpenSwiftUI.

cc @jcmosc in case you are also interested on this :)

**Comment by Kyle-Ye** [comment]
`objc_release` call stack after `AGSubgraphInvalidate`

```
SwiftUI:
0x0000600000206b60

#0	0x0000000180069674 in objc_release () ; 0x0000600000225c60
#1	0x00000001c00e00b0 in AG::Node::destroy ()
#2	0x00000001c00d63ec in AG::Subgraph::invalidate_now ()
#3	0x00000001c00d5f0c in AG::Graph::invalidate_subgraphs ()
#4	0x00000001c00ce8f4 in AG::Graph::Context::~Context ()
#5	0x00000001c00e6acc in AGGraphInvalidate ()
#6	0x00000001d4a58c9c in SwiftUI.GraphHost.invalidate() -> () ()

#0	0x0000000180069674 in objc_release () ; 0x0000600000206ba0
#1	0x00000001c00d63ec in AG::Subgraph::invalidate_now ()
#2	0x00000001c00d5f0c in AG::Graph::invalidate_subgraphs ()
#3	0x00000001c00ce8f4 in AG::Graph::Context::~Context ()
#4	0x00000001c00e6acc in AGGraphInvalidate ()
#6	0x00000001d4a58c9c in SwiftUI.GraphHost.invalidate() -> () ()

OpenSwiftUI:
0x000060000021ecc0

#0	0x0000000180069674 in objc_release () ; 0x000060000022dba0 <- newSubgraph
#1	0x00000001c00e00b0 in AG::Node::destroy ()
#2	0x00000001c00d63ec in AG::Subgraph::invalidate_now ()
#3	0x00000001c00d6fac in AG::Subgraph::invalidate_and_delete_ ()
#4	0x00000001330df10c in GraphHost.invalidate()


#0	0x0000000180069674 in objc_release () ; 0x000060000021ecc0 <- globalSubgraph 🧨 Root Cause
#1	0x00000001c00d63ec in AG::Subgraph::invalidate_now ()
#2	0x00000001c00d6fac in AG::Subgraph::invalidate_and_delete_ ()
#3	0x00000001330df10c in GraphHost.invalidate(


```

**Comment by Kyle-Ye** [comment]
Add symbolic point to AGSubgraphCreate, the `newSubgraph` is from `DynamicViewContainer.updateValue`

```
SwiftUI
globalSubgraph: create: 
<AGSubgraph 0x600000228000 [0x1e60374f8]>
rootSubgraph: create
<AGSubgraph 0x60000020c0e0 [0x1e60374f8]>

AddChild2(globalSubgraph, rootSubgraph, 0)

newSubgraph: create
<AGSubgraph 0x600000228060 [0x1e60374f8]>

AddChild2(rootSubgraph, newSubgraph, 0)

OpenSwiftUI:
globalSubgraph: create
<AGSubgraph 0x600000208c20 [0x1e60374f8]>
rootSubgraph: create
<AGSubgraph 0x600000228180 [0x1e60374f8]>

AddChild2(globalSubgraph, rootSubgraph, 0)

newSubgraph: create
<AGSubgraph 0x6000002155e0 [0x1e60374f8]>

AddChild2(globalSubgraph, newSubgraph, 0)
```

And the root cause is a wrong child relation here.

**Comment by Kyle-Ye** [comment]
~Closed by #432~

The current fix just transfer `objc_release_x23 ` into `objc_release_x24`

**Comment by Kyle-Ye** [comment]
`AGSubgraphGetCurrent` is missing a `objc_retainAutoreleasedReturnValue` call on `DynamicViewContainer` init.

**Comment by Kyle-Ye** [comment]
Should be fully closed by https://github.com/OpenSwiftUIProject/OpenGraph/pull/136

**Comment by Kyle-Ye** [comment]
Also refactored `triggerLayout` implementation so that `PlatformWindow` will not be dealloc on testing. See #439
